<?xml version="1.0" encoding="UTF-8"?>
<!-- Generated by org.testng.reporters.JUnitReportReporter -->
<testsuite hostname="NEHAL0001" failures="0" tests="2" name="javaTpoint.Personal_loan" time="0.024" errors="0" timestamp="2022-01-08T16:01:39 IST" skipped="0">
  <testcase classname="javaTpoint.Personal_loan" name="APILoginPersonalLoan" time="0.019"/>
  <system-out/>
  <testcase classname="javaTpoint.Personal_loan" name="MobileLoginPersonalLoan" time="0.005"/>
  <system-out/>
</testsuite> <!-- javaTpoint.Personal_loan -->
