<?xml version="1.0" encoding="UTF-8"?>
<!-- Generated by org.testng.reporters.JUnitReportReporter -->
<testsuite hostname="NEHAL0001" failures="0" tests="2" name="day1.Module2" time="0.026" errors="0" timestamp="2022-01-08T15:15:48 IST" skipped="0">
  <testcase classname="day1.Module2" name="MobileLoginCarLoan" time="0.006"/>
  <system-out>
    <![CDATA[This is MobileLoginCarLoan Test is passed]]>
  </system-out>
  <testcase classname="day1.Module2" name="APILoginCarLoan" time="0.020"/>
  <system-out>
    <![CDATA[This is APILoginCarLoan Test is passed]]>
  </system-out>
</testsuite> <!-- day1.Module2 -->
