<?xml version="1.0" encoding="UTF-8"?>
<!-- Generated by org.testng.reporters.JUnitReportReporter -->
<testsuite hostname="NEHAL0001" failures="0" tests="2" name="day1.Module1" time="0.009" errors="0" timestamp="2022-01-08T15:15:48 IST" skipped="0">
  <testcase classname="day1.Module1" name="test2" time="0.004"/>
  <system-out>
    <![CDATA[Test2 is passed]]>
  </system-out>
  <testcase classname="day1.Module1" name="test1" time="0.005"/>
  <system-out>
    <![CDATA[Test1 is passed]]>
  </system-out>
</testsuite> <!-- day1.Module1 -->
