<?xml version="1.0" encoding="UTF-8"?>
<!-- Generated by org.testng.reporters.JUnitReportReporter -->
<testsuite hostname="NEHAL0001" failures="0" tests="2" name="javaTpoint.Home_loan" time="0.010" errors="0" timestamp="2022-01-08T16:01:39 IST" skipped="0">
  <testcase classname="javaTpoint.Home_loan" name="APILoginHomeLoan" time="0.005"/>
  <system-out/>
  <testcase classname="javaTpoint.Home_loan" name="MobileLoginHomeLoan" time="0.005"/>
  <system-out/>
</testsuite> <!-- javaTpoint.Home_loan -->
