<?xml version="1.0" encoding="UTF-8"?>
<!-- Generated by org.testng.reporters.JUnitReportReporter -->
<testsuite hostname="NEHAL0001" failures="0" tests="2" name="javaTpoint.Car_loan" time="0.009" errors="0" timestamp="2022-01-08T16:01:39 IST" skipped="0">
  <testcase classname="javaTpoint.Car_loan" name="MobileLoginCarLoan" time="0.004"/>
  <system-out/>
  <testcase classname="javaTpoint.Car_loan" name="APILoginCarLoan" time="0.005"/>
  <system-out/>
</testsuite> <!-- javaTpoint.Car_loan -->
